<?xml version="1.0" encoding="UTF-8"?>
<!-- Generated by org.testng.reporters.JUnitReportReporter -->
<testsuite hostname="DESKTOP-OIOR21N" failures="0" tests="3" name="Day44.LoginTests" time="0.015" errors="0" timestamp="2024-12-12T13:02:53 IST" skipped="0">
  <testcase classname="Day44.LoginTests" name="loginByEmail" time="0.013"/>
  <system-out/>
  <testcase classname="Day44.LoginTests" name="loginByFacebook" time="0.001"/>
  <system-out/>
  <testcase classname="Day44.LoginTests" name="loginByTwitter" time="0.001"/>
  <system-out/>
</testsuite> <!-- Day44.LoginTests -->
