<?xml version="1.0" encoding="UTF-8"?>
<!-- Generated by org.testng.reporters.JUnitReportReporter -->
<testsuite hostname="DESKTOP-OIOR21N" failures="0" tests="2" name="Day43Pack.CL1" time="0.008" errors="0" timestamp="2024-12-08T19:24:59 IST" skipped="0">
  <testcase classname="Day43Pack.CL1" name="advSearch" time="0.006"/>
  <system-out/>
  <testcase classname="Day43Pack.CL1" name="advSearch" time="0.002"/>
  <system-out/>
</testsuite> <!-- Day43Pack.CL1 -->
