<?xml version="1.0" encoding="UTF-8"?>
<!-- Generated by org.testng.reporters.JUnitReportReporter -->
<testsuite hostname="DESKTOP-OIOR21N" failures="0" tests="4" name="Day42.OrangeHRMTest" time="15.269" errors="0" timestamp="2024-12-08T12:25:15 IST" skipped="0">
  <testcase classname="Day42.OrangeHRMTest" name="openApp" time="7.956"/>
  <system-out/>
  <testcase classname="Day42.OrangeHRMTest" name="logoStatus" time="5.097"/>
  <system-out/>
  <testcase classname="Day42.OrangeHRMTest" name="loginApp" time="1.852"/>
  <system-out/>
  <testcase classname="Day42.OrangeHRMTest" name="closeApp" time="0.364"/>
  <system-out/>
</testsuite> <!-- Day42.OrangeHRMTest -->
