<?xml version="1.0" encoding="UTF-8"?>
<!-- Generated by org.testng.reporters.JUnitReportReporter -->
<testsuite hostname="DESKTOP-OIOR21N" failures="0" tests="4" name="Day42.OranceHrmTest" time="13.782" errors="0" timestamp="2024-12-08T10:26:21 IST" skipped="0">
  <testcase classname="Day42.OranceHrmTest" name="openApp" time="7.033"/>
  <system-out/>
  <testcase classname="Day42.OranceHrmTest" name="logoStatus" time="5.052"/>
  <system-out/>
  <testcase classname="Day42.OranceHrmTest" name="loginApp" time="1.434"/>
  <system-out/>
  <testcase classname="Day42.OranceHrmTest" name="closeApp" time="0.263"/>
  <system-out/>
</testsuite> <!-- Day42.OranceHrmTest -->
