<?xml version="1.0" encoding="UTF-8"?>
<!-- Generated by org.testng.reporters.JUnitReportReporter -->
<testsuite hostname="DESKTOP-OIOR21N" failures="0" tests="1" name="Day43.HardAssertions" time="0.013" errors="0" timestamp="2024-12-09T21:53:42 IST" skipped="0">
  <testcase classname="Day43.HardAssertions" name="test" time="0.013"/>
  <system-out/>
</testsuite> <!-- Day43.HardAssertions -->
