<?xml version="1.0" encoding="UTF-8"?>
<!-- Generated by org.testng.reporters.JUnitReportReporter -->
<testsuite hostname="DESKTOP-OIOR21N" failures="0" tests="2" name="Day44.Payment" time="0.001" errors="0" timestamp="2024-12-12T12:29:08 IST" skipped="0">
  <testcase classname="Day44.Payment" name="paymentByCreditCard" time="0.000"/>
  <system-out/>
  <testcase classname="Day44.Payment" name="paymentByDabitCard" time="0.001"/>
  <system-out/>
</testsuite> <!-- Day44.Payment -->
