<?xml version="1.0" encoding="UTF-8"?>
<!-- Generated by org.testng.reporters.JUnitReportReporter -->
<testsuite hostname="DESKTOP-OIOR21N" failures="0" tests="2" name="Day43.AnnotationDemo1" time="0.009" errors="0" timestamp="2024-12-08T15:26:39 IST" skipped="0">
  <testcase classname="Day43.AnnotationDemo1" name="search" time="0.008"/>
  <system-out/>
  <testcase classname="Day43.AnnotationDemo1" name="advSearch" time="0.001"/>
  <system-out/>
</testsuite> <!-- Day43.AnnotationDemo1 -->
