<?xml version="1.0" encoding="UTF-8"?>
<!-- Generated by org.testng.reporters.JUnitReportReporter -->
<testsuite hostname="DESKTOP-OIOR21N" failures="0" tests="3" name="Day44.SignUp" time="0.002" errors="0" timestamp="2024-12-12T12:26:55 IST" skipped="0">
  <testcase classname="Day44.SignUp" name="signUpByEmail" time="0.001"/>
  <system-out/>
  <testcase classname="Day44.SignUp" name="signUpByFacebook" time="0.001"/>
  <system-out/>
  <testcase classname="Day44.SignUp" name="signUpByTwitter" time="0.000"/>
  <system-out/>
</testsuite> <!-- Day44.SignUp -->
