<?xml version="1.0" encoding="UTF-8"?>
<!-- Generated by org.testng.reporters.JUnitReportReporter -->
<testsuite hostname="DESKTOP-OIOR21N" failures="0" tests="1" name="Day47.LoginTest" time="2.484" errors="0" timestamp="2024-12-18T19:16:54 IST" skipped="0">
  <testcase classname="Day47.LoginTest" name="loginTest" time="2.484"/>
  <system-out/>
</testsuite> <!-- Day47.LoginTest -->
