<?xml version="1.0" encoding="UTF-8"?>
<!-- Generated by org.testng.reporters.JUnitReportReporter -->
<testsuite hostname="DESKTOP-OIOR21N" failures="0" tests="3" name="Day42.FirstTestCase" time="0.029" errors="0" timestamp="2024-12-08T12:25:15 IST" skipped="0">
  <testcase classname="Day42.FirstTestCase" name="openApp" time="0.023"/>
  <system-out/>
  <testcase classname="Day42.FirstTestCase" name="login" time="0.002"/>
  <system-out/>
  <testcase classname="Day42.FirstTestCase" name="logout" time="0.004"/>
  <system-out/>
</testsuite> <!-- Day42.FirstTestCase -->
