<?xml version="1.0" encoding="UTF-8"?>
<!-- Generated by org.testng.reporters.JUnitReportReporter -->
<testsuite hostname="DESKTOP-OIOR21N" failures="0" tests="1" name="Day43.AllAnnotations" time="0.009" errors="0" timestamp="2024-12-08T19:50:57 IST" skipped="0">
  <testcase classname="Day43.AllAnnotations" name="Search" time="0.009"/>
  <system-out/>
</testsuite> <!-- Day43.AllAnnotations -->
